<?xml version="1.0" encoding="UTF-8"?>
<testng-results skipped="0" failed="0" ignored="0" total="1" passed="1">
  <reporter-output>
  </reporter-output>
  <suite name="Default suite" duration-ms="2380" started-at="2018-02-25T18:02:38Z" finished-at="2018-02-25T18:02:40Z">
    <groups>
    </groups>
    <test name="Default test" duration-ms="2380" started-at="2018-02-25T18:02:38Z" finished-at="2018-02-25T18:02:40Z">
      <class name="com.qa.tests.PostAPITest">
        <test-method status="PASS" signature="setup()[pri:0, instance:com.qa.tests.PostAPITest@18be83e4]" name="setup" is-config="true" duration-ms="7" started-at="2018-02-25T18:02:38Z" finished-at="2018-02-25T18:02:38Z">
          <reporter-output>
          </reporter-output>
        </test-method> <!-- setup -->
        <test-method status="PASS" signature="postAPITest()[pri:0, instance:com.qa.tests.PostAPITest@18be83e4]" name="postAPITest" duration-ms="2343" started-at="2018-02-25T18:02:38Z" finished-at="2018-02-25T18:02:40Z">
          <reporter-output>
          </reporter-output>
        </test-method> <!-- postAPITest -->
      </class> <!-- com.qa.tests.PostAPITest -->
    </test> <!-- Default test -->
  </suite> <!-- Default suite -->
</testng-results>
